  ball.cpp
  collisions.cpp
  credits.cpp
  game.cpp
E:\Users\Matias\Documents\Image Campus\Segundo Cuatrimestre\Practica Profesional I Desarrollo de Videojuegos I\Pong\Pong\game.cpp(12,15): warning C4244: 'argumento': conversión de 'time_t' a 'unsigned int'; posible pérdida de datos
E:\Users\Matias\Documents\Image Campus\Segundo Cuatrimestre\Practica Profesional I Desarrollo de Videojuegos I\Pong\Pong\game.cpp(25,56): warning C4838: la conversión de 'int' en 'float' requiere una conversión de restricción
E:\Users\Matias\Documents\Image Campus\Segundo Cuatrimestre\Practica Profesional I Desarrollo de Videojuegos I\Pong\Pong\game.cpp(25,56): warning C4244: 'inicializando': conversión de 'int' a 'float'; posible pérdida de datos
E:\Users\Matias\Documents\Image Campus\Segundo Cuatrimestre\Practica Profesional I Desarrollo de Videojuegos I\Pong\Pong\game.cpp(25,88): warning C4838: la conversión de 'int' en 'float' requiere una conversión de restricción
E:\Users\Matias\Documents\Image Campus\Segundo Cuatrimestre\Practica Profesional I Desarrollo de Videojuegos I\Pong\Pong\game.cpp(25,88): warning C4244: 'inicializando': conversión de 'int' a 'float'; posible pérdida de datos
E:\Users\Matias\Documents\Image Campus\Segundo Cuatrimestre\Practica Profesional I Desarrollo de Videojuegos I\Pong\Pong\game.cpp(25,107): warning C4838: la conversión de 'int' en 'float' requiere una conversión de restricción
E:\Users\Matias\Documents\Image Campus\Segundo Cuatrimestre\Practica Profesional I Desarrollo de Videojuegos I\Pong\Pong\game.cpp(25,107): warning C4244: 'inicializando': conversión de 'int' a 'float'; posible pérdida de datos
E:\Users\Matias\Documents\Image Campus\Segundo Cuatrimestre\Practica Profesional I Desarrollo de Videojuegos I\Pong\Pong\game.cpp(26,58): warning C4838: la conversión de 'int' en 'float' requiere una conversión de restricción
E:\Users\Matias\Documents\Image Campus\Segundo Cuatrimestre\Practica Profesional I Desarrollo de Videojuegos I\Pong\Pong\game.cpp(26,58): warning C4244: 'inicializando': conversión de 'int' a 'float'; posible pérdida de datos
E:\Users\Matias\Documents\Image Campus\Segundo Cuatrimestre\Practica Profesional I Desarrollo de Videojuegos I\Pong\Pong\game.cpp(26,90): warning C4838: la conversión de 'int' en 'float' requiere una conversión de restricción
E:\Users\Matias\Documents\Image Campus\Segundo Cuatrimestre\Practica Profesional I Desarrollo de Videojuegos I\Pong\Pong\game.cpp(26,90): warning C4244: 'inicializando': conversión de 'int' a 'float'; posible pérdida de datos
E:\Users\Matias\Documents\Image Campus\Segundo Cuatrimestre\Practica Profesional I Desarrollo de Videojuegos I\Pong\Pong\game.cpp(26,109): warning C4838: la conversión de 'int' en 'float' requiere una conversión de restricción
E:\Users\Matias\Documents\Image Campus\Segundo Cuatrimestre\Practica Profesional I Desarrollo de Videojuegos I\Pong\Pong\game.cpp(26,109): warning C4244: 'inicializando': conversión de 'int' a 'float'; posible pérdida de datos
E:\Users\Matias\Documents\Image Campus\Segundo Cuatrimestre\Practica Profesional I Desarrollo de Videojuegos I\Pong\Pong\game.cpp(27,27): warning C4838: la conversión de 'int' en 'float' requiere una conversión de restricción
E:\Users\Matias\Documents\Image Campus\Segundo Cuatrimestre\Practica Profesional I Desarrollo de Videojuegos I\Pong\Pong\game.cpp(27,27): warning C4244: 'inicializando': conversión de 'int' a 'float'; posible pérdida de datos
E:\Users\Matias\Documents\Image Campus\Segundo Cuatrimestre\Practica Profesional I Desarrollo de Videojuegos I\Pong\Pong\game.cpp(27,39): warning C4838: la conversión de 'int' en 'float' requiere una conversión de restricción
E:\Users\Matias\Documents\Image Campus\Segundo Cuatrimestre\Practica Profesional I Desarrollo de Videojuegos I\Pong\Pong\game.cpp(27,39): warning C4244: 'inicializando': conversión de 'int' a 'float'; posible pérdida de datos
E:\Users\Matias\Documents\Image Campus\Segundo Cuatrimestre\Practica Profesional I Desarrollo de Videojuegos I\Pong\Pong\game.cpp(29,50): warning C4838: la conversión de 'int' en 'float' requiere una conversión de restricción
E:\Users\Matias\Documents\Image Campus\Segundo Cuatrimestre\Practica Profesional I Desarrollo de Videojuegos I\Pong\Pong\game.cpp(29,50): warning C4244: 'inicializando': conversión de 'int' a 'float'; posible pérdida de datos
E:\Users\Matias\Documents\Image Campus\Segundo Cuatrimestre\Practica Profesional I Desarrollo de Videojuegos I\Pong\Pong\game.cpp(29,79): warning C4838: la conversión de 'int' en 'float' requiere una conversión de restricción
E:\Users\Matias\Documents\Image Campus\Segundo Cuatrimestre\Practica Profesional I Desarrollo de Videojuegos I\Pong\Pong\game.cpp(29,79): warning C4244: 'inicializando': conversión de 'int' a 'float'; posible pérdida de datos
E:\Users\Matias\Documents\Image Campus\Segundo Cuatrimestre\Practica Profesional I Desarrollo de Videojuegos I\Pong\Pong\game.cpp(30,51): warning C4838: la conversión de 'int' en 'float' requiere una conversión de restricción
E:\Users\Matias\Documents\Image Campus\Segundo Cuatrimestre\Practica Profesional I Desarrollo de Videojuegos I\Pong\Pong\game.cpp(30,51): warning C4244: 'inicializando': conversión de 'int' a 'float'; posible pérdida de datos
E:\Users\Matias\Documents\Image Campus\Segundo Cuatrimestre\Practica Profesional I Desarrollo de Videojuegos I\Pong\Pong\game.cpp(30,80): warning C4838: la conversión de 'int' en 'float' requiere una conversión de restricción
E:\Users\Matias\Documents\Image Campus\Segundo Cuatrimestre\Practica Profesional I Desarrollo de Videojuegos I\Pong\Pong\game.cpp(30,80): warning C4244: 'inicializando': conversión de 'int' a 'float'; posible pérdida de datos
E:\Users\Matias\Documents\Image Campus\Segundo Cuatrimestre\Practica Profesional I Desarrollo de Videojuegos I\Pong\Pong\game.cpp(33,49): warning C4244: '=': conversión de 'int' a 'float'; posible pérdida de datos
E:\Users\Matias\Documents\Image Campus\Segundo Cuatrimestre\Practica Profesional I Desarrollo de Videojuegos I\Pong\Pong\game.cpp(34,46): warning C4244: '=': conversión de 'int' a 'float'; posible pérdida de datos
E:\Users\Matias\Documents\Image Campus\Segundo Cuatrimestre\Practica Profesional I Desarrollo de Videojuegos I\Pong\Pong\game.cpp(39,49): warning C4244: '=': conversión de 'int' a 'float'; posible pérdida de datos
E:\Users\Matias\Documents\Image Campus\Segundo Cuatrimestre\Practica Profesional I Desarrollo de Videojuegos I\Pong\Pong\game.cpp(40,46): warning C4244: '=': conversión de 'int' a 'float'; posible pérdida de datos
E:\Users\Matias\Documents\Image Campus\Segundo Cuatrimestre\Practica Profesional I Desarrollo de Videojuegos I\Pong\Pong\game.cpp(41,46): warning C4244: '=': conversión de 'int' a 'float'; posible pérdida de datos
E:\Users\Matias\Documents\Image Campus\Segundo Cuatrimestre\Practica Profesional I Desarrollo de Videojuegos I\Pong\Pong\game.cpp(156,91): warning C4244: '=': conversión de 'int' a 'float'; posible pérdida de datos
E:\Users\Matias\Documents\Image Campus\Segundo Cuatrimestre\Practica Profesional I Desarrollo de Videojuegos I\Pong\Pong\game.cpp(168,91): warning C4244: '=': conversión de 'int' a 'float'; posible pérdida de datos
E:\Users\Matias\Documents\Image Campus\Segundo Cuatrimestre\Practica Profesional I Desarrollo de Videojuegos I\Pong\Pong\game.cpp(193,164): warning C4244: 'argumento': conversión de 'float' a 'int'; posible pérdida de datos
E:\Users\Matias\Documents\Image Campus\Segundo Cuatrimestre\Practica Profesional I Desarrollo de Videojuegos I\Pong\Pong\game.cpp(193,142): warning C4244: 'argumento': conversión de 'float' a 'int'; posible pérdida de datos
E:\Users\Matias\Documents\Image Campus\Segundo Cuatrimestre\Practica Profesional I Desarrollo de Videojuegos I\Pong\Pong\game.cpp(194,102): warning C4244: 'argumento': conversión de 'float' a 'int'; posible pérdida de datos
E:\Users\Matias\Documents\Image Campus\Segundo Cuatrimestre\Practica Profesional I Desarrollo de Videojuegos I\Pong\Pong\game.cpp(194,80): warning C4244: 'argumento': conversión de 'float' a 'int'; posible pérdida de datos
E:\Users\Matias\Documents\Image Campus\Segundo Cuatrimestre\Practica Profesional I Desarrollo de Videojuegos I\Pong\Pong\game.cpp(196,164): warning C4244: 'argumento': conversión de 'float' a 'int'; posible pérdida de datos
E:\Users\Matias\Documents\Image Campus\Segundo Cuatrimestre\Practica Profesional I Desarrollo de Videojuegos I\Pong\Pong\game.cpp(196,142): warning C4244: 'argumento': conversión de 'float' a 'int'; posible pérdida de datos
E:\Users\Matias\Documents\Image Campus\Segundo Cuatrimestre\Practica Profesional I Desarrollo de Videojuegos I\Pong\Pong\game.cpp(197,102): warning C4244: 'argumento': conversión de 'float' a 'int'; posible pérdida de datos
E:\Users\Matias\Documents\Image Campus\Segundo Cuatrimestre\Practica Profesional I Desarrollo de Videojuegos I\Pong\Pong\game.cpp(197,80): warning C4244: 'argumento': conversión de 'float' a 'int'; posible pérdida de datos
  initGame.cpp
  main.cpp
  menu.cpp
E:\Users\Matias\Documents\Image Campus\Segundo Cuatrimestre\Practica Profesional I Desarrollo de Videojuegos I\Pong\Pong\menu.cpp(8,35): warning C4244: '=': conversión de 'int' a 'float'; posible pérdida de datos
E:\Users\Matias\Documents\Image Campus\Segundo Cuatrimestre\Practica Profesional I Desarrollo de Videojuegos I\Pong\Pong\menu.cpp(14,38): warning C4244: '=': conversión de 'int' a 'float'; posible pérdida de datos
E:\Users\Matias\Documents\Image Campus\Segundo Cuatrimestre\Practica Profesional I Desarrollo de Videojuegos I\Pong\Pong\menu.cpp(20,42): warning C4244: '=': conversión de 'int' a 'float'; posible pérdida de datos
E:\Users\Matias\Documents\Image Campus\Segundo Cuatrimestre\Practica Profesional I Desarrollo de Videojuegos I\Pong\Pong\menu.cpp(26,40): warning C4244: '=': conversión de 'int' a 'float'; posible pérdida de datos
  restartGame.cpp
E:\Users\Matias\Documents\Image Campus\Segundo Cuatrimestre\Practica Profesional I Desarrollo de Videojuegos I\Pong\Pong\restartGame.cpp(20,19): warning C4244: '=': conversión de 'int' a 'float'; posible pérdida de datos
E:\Users\Matias\Documents\Image Campus\Segundo Cuatrimestre\Practica Profesional I Desarrollo de Videojuegos I\Pong\Pong\restartGame.cpp(21,19): warning C4244: '=': conversión de 'int' a 'float'; posible pérdida de datos
E:\Users\Matias\Documents\Image Campus\Segundo Cuatrimestre\Practica Profesional I Desarrollo de Videojuegos I\Pong\Pong\restartGame.cpp(24,42): warning C4244: '=': conversión de 'int' a 'float'; posible pérdida de datos
E:\Users\Matias\Documents\Image Campus\Segundo Cuatrimestre\Practica Profesional I Desarrollo de Videojuegos I\Pong\Pong\restartGame.cpp(26,37): warning C4244: '=': conversión de 'int' a 'float'; posible pérdida de datos
E:\Users\Matias\Documents\Image Campus\Segundo Cuatrimestre\Practica Profesional I Desarrollo de Videojuegos I\Pong\Pong\restartGame.cpp(27,42): warning C4244: '=': conversión de 'int' a 'float'; posible pérdida de datos
  howToPlay.cpp
  Generando código...
  Generando código
  Previous IPDB not found, fall back to full compilation.
  All 439 functions were compiled because no usable IPDB/IOBJ from previous compilation was found.
  Generación de código finalizada
raylib.lib(core.obj) : warning LNK4099: no se encontró PDB 'raylib.pdb' con 'raylib.lib(core.obj)' o en 'E:\Users\Matias\Documents\Image Campus\Segundo Cuatrimestre\Practica Profesional I Desarrollo de Videojuegos I\Pong\bin\Win32\Release\raylib.pdb'; se vinculará el objeto sin tener en cuenta información de depuración
raylib.lib(shapes.obj) : warning LNK4099: no se encontró PDB 'raylib.pdb' con 'raylib.lib(shapes.obj)' o en 'E:\Users\Matias\Documents\Image Campus\Segundo Cuatrimestre\Practica Profesional I Desarrollo de Videojuegos I\Pong\bin\Win32\Release\raylib.pdb'; se vinculará el objeto sin tener en cuenta información de depuración
raylib.lib(text.obj) : warning LNK4099: no se encontró PDB 'raylib.pdb' con 'raylib.lib(text.obj)' o en 'E:\Users\Matias\Documents\Image Campus\Segundo Cuatrimestre\Practica Profesional I Desarrollo de Videojuegos I\Pong\bin\Win32\Release\raylib.pdb'; se vinculará el objeto sin tener en cuenta información de depuración
raylib.lib(rglfw.obj) : warning LNK4099: no se encontró PDB 'raylib.pdb' con 'raylib.lib(rglfw.obj)' o en 'E:\Users\Matias\Documents\Image Campus\Segundo Cuatrimestre\Practica Profesional I Desarrollo de Videojuegos I\Pong\bin\Win32\Release\raylib.pdb'; se vinculará el objeto sin tener en cuenta información de depuración
raylib.lib(utils.obj) : warning LNK4099: no se encontró PDB 'raylib.pdb' con 'raylib.lib(utils.obj)' o en 'E:\Users\Matias\Documents\Image Campus\Segundo Cuatrimestre\Practica Profesional I Desarrollo de Videojuegos I\Pong\bin\Win32\Release\raylib.pdb'; se vinculará el objeto sin tener en cuenta información de depuración
raylib.lib(textures.obj) : warning LNK4099: no se encontró PDB 'raylib.pdb' con 'raylib.lib(textures.obj)' o en 'E:\Users\Matias\Documents\Image Campus\Segundo Cuatrimestre\Practica Profesional I Desarrollo de Videojuegos I\Pong\bin\Win32\Release\raylib.pdb'; se vinculará el objeto sin tener en cuenta información de depuración
  Pong.vcxproj -> E:\Users\Matias\Documents\Image Campus\Segundo Cuatrimestre\Practica Profesional I Desarrollo de Videojuegos I\Pong\bin\Win32\Release\Pong.exe
